24
81
89
e3
0d
0d
e5
92
01
0d
76
3d
6d
0c
79
c6
c5
aa
65
f7
92
0f
72
ce
e8
c5
5c
bd
ad
e5
e3
0a
00
20
2a
9d
96
93
8d
d3
6b
d5
82
ae
1d
cf
23
0a
ca
bc
72
0a
41
d8
78
89
6b
36
46
2e
bc
2a
8b
f1
05
4f
bb
3a
fe
15
71
59
62
4c
1f
0f
78
b7
9f
dc
db
09
c9
d0
d7
d1
16
0c
c2
48
f7
3d
12
fe
6d
39
1f
d3
05
f8
5b
49
bf
2a
58
86
8e
9c
7a
a6
73
a3
af
b3
df
44
77
cb
e6
5a
29
ed
da
e5
b5
df
79
44
d0
2a
2b
0e
5c
9a
fd
c3
56
4e
e7
8a
36
b8
79
b8
14
13
84
d9
5b
cd
59
ed
f6
4a
36
15
c6
04
77
69
b4
08
28
ad
c7
ae
88
1c
fd
29
9c
06
da
bd
66
f0
f3
3a
5e
7a
55
9a
b9
37
16
40
26
b6
7d
5c
06
78
7e
db
cf
79
fa
e1
17
a1
06
d0
75
b5
a9
41
c5
98
4b
f3
ec
8a
4e
a8
29
a1
0e
e6
9f
2a
2a
8d
1e
b8
f9
48
4a
13
6b
c7
36
3a
44
39
12
b4
7f
86
7a
f2
32
bd
04
e4
4a
29
a1
0e
fb
8b
ef
49
36
f5
8f
6b
