24  
81  
89  
E3  
0D  
0D  
E5  
92  
01  
0D  
76  
3D  
6D  
0C  
79  
C6  
C5  
AA  
65  
F7  
92  
0F  
72  
CE  
E8  
C5  
5C  
BD  
AD  
E5  
E3  
0A  
00  
20  
2A  
9D  
96  
93  
8D  
D3  
6B  
D5  
82  
AE  
1D  
CF  
23  
0A  
CA  
BC  
72  
0A  
41  
D8  
78  
0A  
6B  
36  
46  
2E  
BC  
2A  
8B  
F1  
05  
4F  
BB  
3A  
FE  
15  
71  
59  
62  
4C  
1F  
0F  
78  
00  
9F  
DC  
DB  
09  
C9  
D0  
D7  
D1  
16  
0C  
00  
00  
00  
00  
12  
FE  
6D  
39  
DC  
FD  
05  
F8  
5B  
49  
BF  
2A  
58  
86  
8E  
9C  
7A  
A6  
73  
A3  
AF  
B3  
DF  
44  
77  
CB  
E6  
5A  
29  
ED  
DA  
E5  
B5  
DF  
79  
44  
D0  
2A  
2B  
0E  
5C  
9A  
FD  
C3  
56  
4E  
E7  
8A  
36  
B8  
79  
B8  
14  
13  
84  
D9  
5B  
CD  
59  
ED  
F6  
4A  
36  
15  
C6  
04  
77  
69  
B4  
08  
28  
AD  
C7  
AE  
88  
1C  
FD  
29  
9C  
06  
DA  
BD  
66  
F0  
F3  
3A  
5E  
7A  
55  
9A  
B9  
37  
16  
40  
26  
B6  
7D  
5C  
06  
78  
7E  
DB  
CF  
79  
FA  
E1  
17  
A1  
06  
D0  
75  
B5  
A9  
41  
C5  
98  
4B  
F3  
EC  
8A  
4E  
A8  
29  
A1  
0E  
E6  
9F  
2A  
2A  
8D  
1E  
B8  
F9  
48  
4A  
13  
6B  
C7  
36  
3A  
44  
39  
12  
B4  
7F  
86  
7A  
F2  
32  
BD  
04  
E4  
4A  
29  
A1  
0E  
FB  
8B  
EF  
49  
36  
F5  
8F  
6B  
